
Jun 08 01:35:14 [info] UPDATE `schema_info` SET version = 93
Dec 28 18:07:01 [info] CREATE TABLE `schema_info` (
`version` int(11) DEFAULT '0' NOT NULL
) ;
Dec 28 18:07:01 [info] INSERT INTO `schema_info` (version) VALUES (0)
Dec 28 18:08:15 [info] SELECT version FROM `schema_info`
Dec 28 18:15:26 [info] SELECT version FROM `schema_info`
Dec 28 18:20:23 [info] SELECT version FROM `schema_info`
Dec 28 18:20:23 [info] CREATE TABLE pet_types(color_id TINYINT UNSIGNED,species_id TINYINT UNSIGNED,asset_ids TINYTEXT,PRIMARY KEY (color_id, species_id))
Dec 28 18:20:23 [info] UPDATE `schema_info` SET version = 1
Dec 28 18:21:02 [info] SELECT version FROM `schema_info`
Dec 28 18:21:02 [info] DROP TABLE `pet_types`
Dec 28 18:21:02 [info] UPDATE `schema_info` SET version = 0
Dec 28 18:21:04 [info] SELECT version FROM `schema_info`
Dec 28 18:21:04 [info] CREATE TABLE pet_types(color_id TINYINT UNSIGNED NOT NULL,species_id TINYINT UNSIGNED NOT NULL,asset_ids TINYTEXT NOT NULL,PRIMARY KEY (color_id, species_id))
Dec 28 18:21:04 [info] UPDATE `schema_info` SET version = 1
Dec 28 18:33:32 [info] SELECT version FROM `schema_info`
Dec 28 18:33:32 [info] CREATE TABLE swf_assets(type ENUM("biology", "object"),id MEDIUMINT UNSIGNED,url TEXT,zones_restrict TINYTEXT,PRIMARY KEY (type, id))
Dec 28 18:33:32 [info] UPDATE `schema_info` SET version = 2
Dec 28 18:34:36 [info] SELECT version FROM `schema_info`
Dec 28 18:34:36 [info] DROP TABLE `swf_assets`
Dec 28 18:34:36 [info] UPDATE `schema_info` SET version = 1
Dec 28 18:34:37 [info] SELECT version FROM `schema_info`
Dec 28 18:34:37 [info] CREATE TABLE swf_assets(type ENUM("biology", "object") NOT NULL,id MEDIUMINT UNSIGNED NOT NULL,url TEXT NOT NULL,zones_restrict TINYTEXT NOT NULL,PRIMARY KEY (type, id))
Dec 28 18:34:37 [info] UPDATE `schema_info` SET version = 2
Dec 28 18:36:29 [info] SELECT version FROM `schema_info`
Dec 28 18:36:29 [info] DROP TABLE `swf_assets`
Dec 28 18:36:29 [info] UPDATE `schema_info` SET version = 1
Dec 28 18:36:30 [info] SELECT version FROM `schema_info`
Dec 28 18:36:30 [info] CREATE TABLE swf_assets(type ENUM("biology", "object") NOT NULL,id MEDIUMINT UNSIGNED NOT NULL,url TEXT NOT NULL,zone_id TINYINT UNSIGNED NOT NULL,zones_restrict TINYTEXT NOT NULL,PRIMARY KEY (type, id))
Dec 28 18:36:30 [info] UPDATE `schema_info` SET version = 2
